<?xml version="1.0" encoding="UTF-8"?>
<!-- Generated by org.testng.reporters.JUnitXMLReporter -->
<testsuite ignored="0" hostname="DESKTOP-M0UH53U" failures="0" tests="3" name="Default test" time="143.694" errors="0" timestamp="2023-10-14T12:57:01 IST">
  <testcase classname="com.itview.keyworddriven_test.FD_DataProvider_keywordDriven" name="f" time="2.825"/>
  <testcase classname="com.itview.keyworddriven_test.FD_DataProvider_keywordDriven" name="f" time="62.981"/>
  <testcase classname="com.itview.keyworddriven_test.FD_DataProvider_keywordDriven" name="f" time="62.838"/>
</testsuite> <!-- Default test -->
