<?xml version="1.0" encoding="UTF-8"?>
<!-- Generated by org.testng.reporters.JUnitXMLReporter -->
<testsuite ignored="0" hostname="DESKTOP-M0UH53U" failures="0" tests="3" name="Mutual Fund Test" time="24.229" errors="0" timestamp="2023-09-30T11:35:56 IST">
  <testcase classname="com.itview.testng.LoginTestCase" name="adminLoginTest" time="7.457"/>
  <testcase classname="com.itview.testng.LoginTestCase" name="testLoginTest" time="5.615"/>
  <testcase classname="com.itview.testng.LoginTestCase" name="jsmithLoginTest" time="5.101"/>
</testsuite> <!-- Mutual Fund Test -->
