<?xml version="1.0" encoding="UTF-8"?>
<!-- Generated by org.testng.reporters.JUnitXMLReporter -->
<testsuite ignored="1" hostname="DESKTOP-M0UH53U" failures="0" tests="3" name="Test" time="23.306" errors="0" timestamp="2023-09-09T11:52:57 IST">
  <testcase classname="com.itview.testng.LoginTestCase" name="adminLoginTest" time="5.285"/>
  <testcase classname="com.itview.testng.LoginTestCase" name="jsmithLoginTest" time="3.722"/>
  <testcase classname="com.itview.testng.OrangeHRM" name="loginOrangeHRM" time="9.287"/>
  <testcase classname="com.itview.testng.LoginTestCase" name="testLoginTest" time="0.0">
    <ignored/>
  </testcase> <!-- testLoginTest -->
</testsuite> <!-- Test -->
