<?xml version="1.0" encoding="UTF-8"?>
<!-- Generated by org.testng.reporters.JUnitXMLReporter -->
<testsuite hostname="DESKTOP-M0UH53U" ignored="0" name="Mutual Fund Test" tests="3" failures="0" timestamp="2023-10-21T11:48:38 IST" time="27.049" errors="0">
  <testcase name="adminLoginTest" time="13.969" classname="com.itview.testng.LoginTestCase"/>
  <testcase name="testLoginTest" time="3.95" classname="com.itview.testng.LoginTestCase"/>
  <testcase name="jsmithLoginTest" time="3.869" classname="com.itview.testng.LoginTestCase"/>
</testsuite> <!-- Mutual Fund Test -->
