<?xml version="1.0" encoding="UTF-8"?>
<testng-results ignored="0" total="3" passed="3" failed="0" skipped="0">
  <reporter-output>
  </reporter-output>
  <suite started-at="2023-10-14T12:54:37 IST" name="Default suite" finished-at="2023-10-14T12:57:01 IST" duration-ms="143694">
    <groups>
    </groups>
    <test started-at="2023-10-14T12:54:37 IST" name="Default test" finished-at="2023-10-14T12:57:01 IST" duration-ms="143694">
      <class name="com.itview.keyworddriven_test.FD_DataProvider_keywordDriven">
        <test-method is-config="true" signature="beforeTest()[pri:0, instance:com.itview.keyworddriven_test.FD_DataProvider_keywordDriven@4b013c76]" started-at="2023-10-14T12:54:37 IST" name="beforeTest" finished-at="2023-10-14T12:54:52 IST" duration-ms="14194" status="PASS">
          <reporter-output>
          </reporter-output>
        </test-method> <!-- beforeTest -->
        <test-method signature="f(java.lang.String,java.lang.String,java.lang.String)[pri:0, instance:com.itview.keyworddriven_test.FD_DataProvider_keywordDriven@4b013c76]" started-at="2023-10-14T12:54:52 IST" name="f" data-provider="dp" finished-at="2023-10-14T12:54:54 IST" duration-ms="2825" status="PASS">
          <params>
            <param index="0">
              <value>
                <![CDATA[100000]]>
              </value>
            </param>
            <param index="1">
              <value>
                <![CDATA[6.5]]>
              </value>
            </param>
            <param index="2">
              <value>
                <![CDATA[4]]>
              </value>
            </param>
          </params>
          <reporter-output>
          </reporter-output>
        </test-method> <!-- f -->
        <test-method signature="f(java.lang.String,java.lang.String,java.lang.String)[pri:0, instance:com.itview.keyworddriven_test.FD_DataProvider_keywordDriven@4b013c76]" started-at="2023-10-14T12:54:54 IST" name="f" data-provider="dp" finished-at="2023-10-14T12:55:57 IST" duration-ms="62981" status="PASS">
          <params>
            <param index="0">
              <value>
                <![CDATA[200000]]>
              </value>
            </param>
            <param index="1">
              <value>
                <![CDATA[7]]>
              </value>
            </param>
            <param index="2">
              <value>
                <![CDATA[10]]>
              </value>
            </param>
          </params>
          <reporter-output>
          </reporter-output>
        </test-method> <!-- f -->
        <test-method signature="f(java.lang.String,java.lang.String,java.lang.String)[pri:0, instance:com.itview.keyworddriven_test.FD_DataProvider_keywordDriven@4b013c76]" started-at="2023-10-14T12:55:57 IST" name="f" data-provider="dp" finished-at="2023-10-14T12:57:00 IST" duration-ms="62838" status="PASS">
          <params>
            <param index="0">
              <value>
                <![CDATA[300000]]>
              </value>
            </param>
            <param index="1">
              <value>
                <![CDATA[4]]>
              </value>
            </param>
            <param index="2">
              <value>
                <![CDATA[2]]>
              </value>
            </param>
          </params>
          <reporter-output>
          </reporter-output>
        </test-method> <!-- f -->
        <test-method is-config="true" signature="afterTest()[pri:0, instance:com.itview.keyworddriven_test.FD_DataProvider_keywordDriven@4b013c76]" started-at="2023-10-14T12:57:00 IST" name="afterTest" finished-at="2023-10-14T12:57:01 IST" duration-ms="808" status="PASS">
          <reporter-output>
          </reporter-output>
        </test-method> <!-- afterTest -->
      </class> <!-- com.itview.keyworddriven_test.FD_DataProvider_keywordDriven -->
    </test> <!-- Default test -->
  </suite> <!-- Default suite -->
</testng-results>
